{"/Users/quinton/Repos/rn-progressive-image/src/index.tsx": {"path":"/Users/quinton/Repos/rn-progressive-image/src/index.tsx","statementMap":{"0":{"start":{"line":29,"column":25},"end":{"line":135,"column":1}},"1":{"start":{"line":39,"column":32},"end":{"line":39,"column":47}},"2":{"start":{"line":41,"column":8},"end":{"line":41,"column":22}},"3":{"start":{"line":43,"column":25},"end":{"line":43,"column":42}},"4":{"start":{"line":46,"column":31},"end":{"line":46,"column":48}},"5":{"start":{"line":48,"column":23},"end":{"line":55,"column":6}},"6":{"start":{"line":49,"column":8},"end":{"line":54,"column":10}},"7":{"start":{"line":57,"column":29},"end":{"line":69,"column":6}},"8":{"start":{"line":58,"column":8},"end":{"line":68,"column":10}},"9":{"start":{"line":65,"column":22},"end":{"line":65,"column":74}},"10":{"start":{"line":71,"column":27},"end":{"line":77,"column":5}},"11":{"start":{"line":73,"column":12},"end":{"line":73,"column":28}},"12":{"start":{"line":74,"column":12},"end":{"line":74,"column":36}},"13":{"start":{"line":79,"column":4},"end":{"line":97,"column":17}},"14":{"start":{"line":80,"column":8},"end":{"line":94,"column":9}},"15":{"start":{"line":81,"column":12},"end":{"line":81,"column":35}},"16":{"start":{"line":83,"column":28},"end":{"line":90,"column":13}},"17":{"start":{"line":85,"column":20},"end":{"line":85,"column":49}},"18":{"start":{"line":93,"column":12},"end":{"line":93,"column":47}},"19":{"start":{"line":93,"column":25},"end":{"line":93,"column":46}},"20":{"start":{"line":96,"column":8},"end":{"line":96,"column":15}},"21":{"start":{"line":99,"column":4},"end":{"line":134,"column":6}}},"fnMap":{"0":{"name":"(anonymous_0)","decl":{"start":{"line":29,"column":25},"end":{"line":29,"column":26}},"loc":{"start":{"line":38,"column":29},"end":{"line":135,"column":1}},"line":38},"1":{"name":"(anonymous_1)","decl":{"start":{"line":48,"column":40},"end":{"line":48,"column":41}},"loc":{"start":{"line":48,"column":46},"end":{"line":55,"column":5}},"line":48},"2":{"name":"(anonymous_2)","decl":{"start":{"line":57,"column":46},"end":{"line":57,"column":47}},"loc":{"start":{"line":57,"column":52},"end":{"line":69,"column":5}},"line":57},"3":{"name":"(anonymous_3)","decl":{"start":{"line":65,"column":16},"end":{"line":65,"column":17}},"loc":{"start":{"line":65,"column":22},"end":{"line":65,"column":74}},"line":65},"4":{"name":"(anonymous_4)","decl":{"start":{"line":72,"column":8},"end":{"line":72,"column":9}},"loc":{"start":{"line":72,"column":61},"end":{"line":75,"column":9}},"line":72},"5":{"name":"(anonymous_5)","decl":{"start":{"line":79,"column":14},"end":{"line":79,"column":15}},"loc":{"start":{"line":79,"column":20},"end":{"line":97,"column":5}},"line":79},"6":{"name":"(anonymous_6)","decl":{"start":{"line":84,"column":16},"end":{"line":84,"column":17}},"loc":{"start":{"line":84,"column":22},"end":{"line":86,"column":17}},"line":84},"7":{"name":"(anonymous_7)","decl":{"start":{"line":93,"column":19},"end":{"line":93,"column":20}},"loc":{"start":{"line":93,"column":25},"end":{"line":93,"column":46}},"line":93}},"branchMap":{"0":{"loc":{"start":{"line":32,"column":4},"end":{"line":32,"column":46}},"type":"default-arg","locations":[{"start":{"line":32,"column":15},"end":{"line":32,"column":46}}],"line":32},"1":{"loc":{"start":{"line":33,"column":4},"end":{"line":33,"column":47}},"type":"default-arg","locations":[{"start":{"line":33,"column":16},"end":{"line":33,"column":47}}],"line":33},"2":{"loc":{"start":{"line":34,"column":4},"end":{"line":34,"column":27}},"type":"default-arg","locations":[{"start":{"line":34,"column":24},"end":{"line":34,"column":27}}],"line":34},"3":{"loc":{"start":{"line":65,"column":22},"end":{"line":65,"column":74}},"type":"binary-expr","locations":[{"start":{"line":65,"column":22},"end":{"line":65,"column":28}},{"start":{"line":65,"column":32},"end":{"line":65,"column":74}}],"line":65},"4":{"loc":{"start":{"line":74,"column":12},"end":{"line":74,"column":35}},"type":"binary-expr","locations":[{"start":{"line":74,"column":12},"end":{"line":74,"column":18}},{"start":{"line":74,"column":22},"end":{"line":74,"column":35}}],"line":74},"5":{"loc":{"start":{"line":80,"column":8},"end":{"line":94,"column":9}},"type":"if","locations":[{"start":{"line":80,"column":8},"end":{"line":94,"column":9}},{"start":{},"end":{}}],"line":80},"6":{"loc":{"start":{"line":101,"column":13},"end":{"line":125,"column":20}},"type":"cond-expr","locations":[{"start":{"line":102,"column":16},"end":{"line":124,"column":32}},{"start":{"line":125,"column":16},"end":{"line":125,"column":20}}],"line":101},"7":{"loc":{"start":{"line":105,"column":21},"end":{"line":123,"column":21}},"type":"cond-expr","locations":[{"start":{"line":106,"column":24},"end":{"line":111,"column":26}},{"start":{"line":113,"column":24},"end":{"line":122,"column":26}}],"line":105},"8":{"loc":{"start":{"line":108,"column":40},"end":{"line":108,"column":61}},"type":"binary-expr","locations":[{"start":{"line":108,"column":40},"end":{"line":108,"column":56}},{"start":{"line":108,"column":60},"end":{"line":108,"column":61}}],"line":108},"9":{"loc":{"start":{"line":115,"column":32},"end":{"line":119,"column":33}},"type":"binary-expr","locations":[{"start":{"line":115,"column":32},"end":{"line":115,"column":51}},{"start":{"line":115,"column":55},"end":{"line":119,"column":33}}],"line":115},"10":{"loc":{"start":{"line":121,"column":38},"end":{"line":121,"column":67}},"type":"binary-expr","locations":[{"start":{"line":121,"column":38},"end":{"line":121,"column":59}},{"start":{"line":121,"column":63},"end":{"line":121,"column":67}}],"line":121}},"s":{"0":1,"1":8,"2":8,"3":8,"4":8,"5":8,"6":13,"7":8,"8":14,"9":2,"10":8,"11":2,"12":2,"13":8,"14":7,"15":2,"16":2,"17":1,"18":2,"19":2,"20":5,"21":8},"f":{"0":8,"1":13,"2":14,"3":2,"4":2,"5":7,"6":1,"7":2},"b":{"0":[8],"1":[8],"2":[8],"3":[2,1],"4":[2,1],"5":[2,5],"6":[7,1],"7":[1,6],"8":[1,1],"9":[6,6],"10":[6,6]},"_coverageSchema":"1a1c01bbd47fc00a2c39e90264f33305004495a9","hash":"17e39b4ac62baa8ccd8352e2d18d833004fbff82"}
}
