TN:
SF:src/index.tsx
FN:29,(anonymous_0)
FN:48,(anonymous_1)
FN:57,(anonymous_2)
FN:65,(anonymous_3)
FN:72,(anonymous_4)
FN:79,(anonymous_5)
FN:84,(anonymous_6)
FN:93,(anonymous_7)
FNF:8
FNH:8
FNDA:8,(anonymous_0)
FNDA:13,(anonymous_1)
FNDA:14,(anonymous_2)
FNDA:2,(anonymous_3)
FNDA:2,(anonymous_4)
FNDA:7,(anonymous_5)
FNDA:1,(anonymous_6)
FNDA:2,(anonymous_7)
DA:29,1
DA:39,8
DA:41,8
DA:43,8
DA:46,8
DA:48,8
DA:49,13
DA:57,8
DA:58,14
DA:65,2
DA:71,8
DA:73,2
DA:74,2
DA:79,8
DA:80,7
DA:81,2
DA:83,2
DA:85,1
DA:93,2
DA:96,5
DA:99,8
LF:21
LH:21
BRDA:32,0,0,8
BRDA:33,1,0,8
BRDA:34,2,0,8
BRDA:65,3,0,2
BRDA:65,3,1,1
BRDA:74,4,0,2
BRDA:74,4,1,1
BRDA:80,5,0,2
BRDA:80,5,1,5
BRDA:101,6,0,7
BRDA:101,6,1,1
BRDA:105,7,0,1
BRDA:105,7,1,6
BRDA:108,8,0,1
BRDA:108,8,1,1
BRDA:115,9,0,6
BRDA:115,9,1,6
BRDA:121,10,0,6
BRDA:121,10,1,6
BRF:19
BRH:19
end_of_record
